<?xml version="1.0" encoding="UTF-8"?>
<testsuite xmlns:xsi="http://www.w3.org/2001/XMLSchema-instance" xsi:noNamespaceSchemaLocation="https://maven.apache.org/surefire/maven-surefire-plugin/xsd/surefire-test-report-3.0.xsd" version="3.0" name="org.example.siimiltech.SiimiltechApplicationTests" time="10.169" tests="1" errors="0" skipped="0" failures="0">
  <properties>
[...]
</properties>
  <testcase name="contextLoads" classname="org.example.siimiltech.SiimiltechApplicationTests" time="0.514">
    <system-out><![CDATA[22:13:25.464 [main] INFO org.springframework.test.context.support.AnnotationConfigContextLoaderUtils -- Could not detect default configuration classes for test class [org.example.siimiltech.SiimiltechApplicationTests]: SiimiltechApplicationTests does not declare any static, non-private, non-final, nested classes annotated with @Configuration.
22:13:25.634 [main] INFO org.springframework.boot.test.context.SpringBootTestContextBootstrapper -- Found @SpringBootConfiguration org.example.siimiltech.SiimiltechApplication for test class org.example.siimiltech.SiimiltechApplicationTests

  .   ____          _            __ _ _
 /\\ / ___'_ __ _ _(_)_ __  __ _ \ \ \ \
( ( )\___ | '_ | '_| | '_ \/ _` | \ \ \ \
 \\/  ___)| |_)| | | | | || (_| |  ) ) ) )
  '  |____| .__|_| |_|_| |_\__, | / / / /
 =========|_|==============|___/=/_/_/_/

 :: Spring Boot ::                (v3.3.2)

2026-05-27T22:13:26.160-05:00  INFO 13660 --- [siimiltech] [           main] o.e.s.SiimiltechApplicationTests         : Starting SiimiltechApplicationTests using Java 21.0.11 with PID 13660 (started by USUARIO in C:\Users\USUARIO\IdeaProjects\Proyecto\siimiltech)
2026-05-27T22:13:26.162-05:00  INFO 13660 --- [siimiltech] [           main] o.e.s.SiimiltechApplicationTests         : No active profile set, falling back to 1 default profile: "default"
2026-05-27T22:13:27.103-05:00  INFO 13660 --- [siimiltech] [           main] .s.d.r.c.RepositoryConfigurationDelegate : Bootstrapping Spring Data JPA repositories in DEFAULT mode.
2026-05-27T22:13:27.201-05:00  INFO 13660 --- [siimiltech] [           main] .s.d.r.c.RepositoryConfigurationDelegate : Finished Spring Data repository scanning in 84 ms. Found 2 JPA repository interfaces.
2026-05-27T22:13:27.877-05:00  INFO 13660 --- [siimiltech] [           main] o.hibernate.jpa.internal.util.LogHelper  : HHH000204: Processing PersistenceUnitInfo [name: default]
2026-05-27T22:13:27.983-05:00  INFO 13660 --- [siimiltech] [           main] org.hibernate.Version                    : HHH000412: Hibernate ORM core version 6.5.2.Final
2026-05-27T22:13:28.049-05:00  INFO 13660 --- [siimiltech] [           main] o.h.c.internal.RegionFactoryInitiator    : HHH000026: Second-level cache disabled
2026-05-27T22:13:28.530-05:00  INFO 13660 --- [siimiltech] [           main] o.s.o.j.p.SpringPersistenceUnitInfo      : No LoadTimeWeaver setup: ignoring JPA class transformer
2026-05-27T22:13:28.578-05:00  INFO 13660 --- [siimiltech] [           main] com.zaxxer.hikari.HikariDataSource       : HikariPool-1 - Starting...
2026-05-27T22:13:30.770-05:00  INFO 13660 --- [siimiltech] [           main] com.zaxxer.hikari.pool.HikariPool        : HikariPool-1 - Added connection org.postgresql.jdbc.PgConnection@11574592
2026-05-27T22:13:30.772-05:00  INFO 13660 --- [siimiltech] [           main] com.zaxxer.hikari.HikariDataSource       : HikariPool-1 - Start completed.
2026-05-27T22:13:30.976-05:00  WARN 13660 --- [siimiltech] [           main] org.hibernate.orm.deprecation            : HHH90000025: PostgreSQLDialect does not need to be specified explicitly using 'hibernate.dialect' (remove the property setting and it will be selected by default)
2026-05-27T22:13:32.205-05:00  INFO 13660 --- [siimiltech] [           main] o.h.e.t.j.p.i.JtaPlatformInitiator       : HHH000489: No JTA platform available (set 'hibernate.transaction.jta.platform' to enable JTA platform integration)
2026-05-27T22:13:33.829-05:00  INFO 13660 --- [siimiltech] [           main] j.LocalContainerEntityManagerFactoryBean : Initialized JPA EntityManagerFactory for persistence unit 'default'
2026-05-27T22:13:34.228-05:00  WARN 13660 --- [siimiltech] [           main] JpaBaseConfiguration$JpaWebConfiguration : spring.jpa.open-in-view is enabled by default. Therefore, database queries may be performed during view rendering. Explicitly configure spring.jpa.open-in-view to disable this warning
2026-05-27T22:13:34.727-05:00  INFO 13660 --- [siimiltech] [           main] o.e.s.SiimiltechApplicationTests         : Started SiimiltechApplicationTests in 8.889 seconds (process running for 10.365)
]]></system-out>
    <system-err><![CDATA[WARNING: A Java agent has been loaded dynamically (C:\Users\USUARIO\.m2\repository\net\bytebuddy\byte-buddy-agent\1.14.18\byte-buddy-agent-1.14.18.jar)
WARNING: If a serviceability tool is in use, please run with -XX:+EnableDynamicAgentLoading to hide this warning
WARNING: If a serviceability tool is not in use, please run with -Djdk.instrument.traceUsage for more information
WARNING: Dynamic loading of agents will be disallowed by default in a future release
]]></system-err>
  </testcase>
</testsuite>